<?xml version="1.0" encoding="UTF-8"?>
<!-- Generated by org.testng.reporters.JUnitReportReporter -->
<testsuite hostname="LAPTOP-OB14RN9G" failures="0" tests="4" name="api.test.StoreTests" time="5.415" errors="0" timestamp="2023-04-30T22:00:21 BST" skipped="1">
  <testcase classname="api.test.StoreTests" name="testPostOrder" time="4.229"/>
  <system-out/>
  <testcase classname="api.test.StoreTests" name="testGetOrderByOrderId" time="0.615"/>
  <system-out/>
  <testcase classname="api.test.StoreTests" name="testDeleteOrderById" time="0.571"/>
  <system-out/>
  <testcase classname="api.test.StoreTests" name="testUpdateOrderByOrderId">
    <skipped/>
  </testcase> <!-- testUpdateOrderByOrderId -->
  <system-out/>
</testsuite> <!-- api.test.StoreTests -->
