<?xml version="1.0" encoding="UTF-8"?>
<!-- Generated by org.testng.reporters.JUnitReportReporter -->
<testsuite hostname="LAPTOP-OB14RN9G" failures="0" tests="4" name="api.test.UserTests" time="6.226" errors="0" timestamp="2023-04-30T20:19:43 BST" skipped="0">
  <testcase classname="api.test.UserTests" name="testPostUser" time="4.490"/>
  <system-out/>
  <testcase classname="api.test.UserTests" name="testGetUserByName" time="0.624"/>
  <system-out/>
  <testcase classname="api.test.UserTests" name="testUpdateUserByName" time="0.574"/>
  <system-out/>
  <testcase classname="api.test.UserTests" name="testDeleteUserByName" time="0.538"/>
  <system-out/>
</testsuite> <!-- api.test.UserTests -->
